Using pre-set license
Built from '2021.3/staging' branch; Version is '2021.3.20f1 (577897200b8b) revision 5732503'; Using compiler version '192829333'; Build Type 'Release'
OS: 'Windows 11  (10.0.22621) 64bit Professional' Language: 'ko' Physical Memory: 15628 MB
BatchMode: 1, IsHumanControllingUs: 0, StartBugReporterOnCrash: 0, Is64bit: 1, IsPro: 1

COMMAND LINE ARGUMENTS:
C:\Program Files\Unity 2021.3.20f1\Editor\Unity.exe
-adb2
-batchMode
-noUpm
-name
AssetImportWorker11
-projectPath
C:/Users/user/Desktop/GRA_fps_project/FPS_Project/FPS_project/My project
-logFile
Logs/AssetImportWorker11.log
-srvPort
63991
Successfully changed project path to: C:/Users/user/Desktop/GRA_fps_project/FPS_Project/FPS_project/My project
C:/Users/user/Desktop/GRA_fps_project/FPS_Project/FPS_project/My project
[UnityMemory] Configuration Parameters - Can be set up in boot.config
    "memorysetup-bucket-allocator-granularity=16"
    "memorysetup-bucket-allocator-bucket-count=8"
    "memorysetup-bucket-allocator-block-size=33554432"
    "memorysetup-bucket-allocator-block-count=8"
    "memorysetup-main-allocator-block-size=16777216"
    "memorysetup-thread-allocator-block-size=16777216"
    "memorysetup-gfx-main-allocator-block-size=16777216"
    "memorysetup-gfx-thread-allocator-block-size=16777216"
    "memorysetup-cache-allocator-block-size=4194304"
    "memorysetup-typetree-allocator-block-size=2097152"
    "memorysetup-profiler-bucket-allocator-granularity=16"
    "memorysetup-profiler-bucket-allocator-bucket-count=8"
    "memorysetup-profiler-bucket-allocator-block-size=33554432"
    "memorysetup-profiler-bucket-allocator-block-count=8"
    "memorysetup-profiler-allocator-block-size=16777216"
    "memorysetup-profiler-editor-allocator-block-size=1048576"
    "memorysetup-temp-allocator-size-main=16777216"
    "memorysetup-job-temp-allocator-block-size=2097152"
    "memorysetup-job-temp-allocator-block-size-background=1048576"
    "memorysetup-job-temp-allocator-reduction-small-platforms=262144"
    "memorysetup-temp-allocator-size-background-worker=32768"
    "memorysetup-temp-allocator-size-job-worker=262144"
    "memorysetup-temp-allocator-size-preload-manager=33554432"
    "memorysetup-temp-allocator-size-nav-mesh-worker=65536"
    "memorysetup-temp-allocator-size-audio-worker=65536"
    "memorysetup-temp-allocator-size-cloud-worker=32768"
    "memorysetup-temp-allocator-size-gi-baking-worker=262144"
    "memorysetup-temp-allocator-size-gfx=262144"
Player connection [25056] Host "[IP] 192.168.219.105 [Port] 0 [Flags] 2 [Guid] 1483653565 [EditorId] 1483653565 [Version] 1048832 [Id] WindowsEditor(7,DESKTOP-DRRKA46) [Debug] 1 [PackageName] WindowsEditor [ProjectName] Editor" joined multi-casting on [225.0.0.222:54997]...

Player connection [25056] Host "[IP] 192.168.219.105 [Port] 0 [Flags] 2 [Guid] 1483653565 [EditorId] 1483653565 [Version] 1048832 [Id] WindowsEditor(7,DESKTOP-DRRKA46) [Debug] 1 [PackageName] WindowsEditor [ProjectName] Editor" joined alternative multi-casting on [225.0.0.222:34997]...

Refreshing native plugins compatible for Editor in 99.03 ms, found 3 plugins.
Preloading 0 native plugins for Editor in 0.00 ms.
Initialize engine version: 2021.3.20f1 (577897200b8b)
[Subsystems] Discovering subsystems at path C:/Program Files/Unity 2021.3.20f1/Editor/Data/Resources/UnitySubsystems
[Subsystems] Discovering subsystems at path C:/Users/user/Desktop/GRA_fps_project/FPS_Project/FPS_project/My project/Assets
GfxDevice: creating device client; threaded=0; jobified=0
Direct3D:
    Version:  Direct3D 11.0 [level 11.1]
    Renderer: NVIDIA GeForce RTX 3060 Laptop GPU (ID=0x2520)
    Vendor:   NVIDIA
    VRAM:     6023 MB
    Driver:   31.0.15.1640
Initialize mono
Mono path[0] = 'C:/Program Files/Unity 2021.3.20f1/Editor/Data/Managed'
Mono path[1] = 'C:/Program Files/Unity 2021.3.20f1/Editor/Data/MonoBleedingEdge/lib/mono/unityjit-win32'
Mono config path = 'C:/Program Files/Unity 2021.3.20f1/Editor/Data/MonoBleedingEdge/etc'
Using monoOptions --debugger-agent=transport=dt_socket,embedding=1,server=y,suspend=n,address=127.0.0.1:56724
Begin MonoManager ReloadAssembly
Registering precompiled unity dll's ...
Register platform support module: C:/Program Files/Unity 2021.3.20f1/Editor/Data/PlaybackEngines/WindowsStandaloneSupport/UnityEditor.WindowsStandalone.Extensions.dll
Registered in 0.010564 seconds.
Native extension for WindowsStandalone target not found
Refreshing native plugins compatible for Editor in 77.36 ms, found 3 plugins.
Preloading 0 native plugins for Editor in 0.00 ms.
Mono: successfully reloaded assembly
- Completed reload, in  0.723 seconds
Domain Reload Profiling:
	ReloadAssembly (723ms)
		BeginReloadAssembly (148ms)
			ExecutionOrderSort (0ms)
			DisableScriptedObjects (0ms)
			BackupInstance (0ms)
			ReleaseScriptingObjects (0ms)
			CreateAndSetChildDomain (1ms)
		EndReloadAssembly (451ms)
			LoadAssemblies (142ms)
			RebuildTransferFunctionScriptingTraits (0ms)
			SetupTypeCache (128ms)
			ReleaseScriptCaches (0ms)
			RebuildScriptCaches (22ms)
			SetupLoadedEditorAssemblies (243ms)
				LogAssemblyErrors (0ms)
				InitializePlatformSupportModulesInManaged (9ms)
				SetLoadedEditorAssemblies (0ms)
				RefreshPlugins (77ms)
				BeforeProcessingInitializeOnLoad (1ms)
				ProcessInitializeOnLoadAttributes (112ms)
				ProcessInitializeOnLoadMethodAttributes (43ms)
				AfterProcessingInitializeOnLoad (0ms)
				EditorAssembliesLoaded (0ms)
			ExecutionOrderSort2 (0ms)
			AwakeInstancesAfterBackupRestoration (0ms)
Platform modules already initialized, skipping
Registering precompiled user dll's ...
Registered in 0.009621 seconds.
Begin MonoManager ReloadAssembly
Symbol file LoadedFromMemory doesn't match image C:\Users\user\Desktop\GRA_fps_project\FPS_Project\FPS_project\My project\Library\PackageCache\com.unity.visualscripting@1.8.0\Editor\VisualScripting.Core\Dependencies\YamlDotNet\Unity.VisualScripting.YamlDotNet.dll
Symbol file LoadedFromMemory doesn't match image C:\Users\user\Desktop\GRA_fps_project\FPS_Project\FPS_project\My project\Library\PackageCache\com.unity.visualscripting@1.8.0\Editor\VisualScripting.Core\Dependencies\DotNetZip\Unity.VisualScripting.IonicZip.dll
Native extension for WindowsStandalone target not found
Refreshing native plugins compatible for Editor in 0.78 ms, found 3 plugins.
Preloading 0 native plugins for Editor in 0.00 ms.
Mono: successfully reloaded assembly
- Completed reload, in  0.957 seconds
Domain Reload Profiling:
	ReloadAssembly (958ms)
		BeginReloadAssembly (145ms)
			ExecutionOrderSort (0ms)
			DisableScriptedObjects (5ms)
			BackupInstance (0ms)
			ReleaseScriptingObjects (0ms)
			CreateAndSetChildDomain (18ms)
		EndReloadAssembly (706ms)
			LoadAssemblies (122ms)
			RebuildTransferFunctionScriptingTraits (0ms)
			SetupTypeCache (218ms)
			ReleaseScriptCaches (1ms)
			RebuildScriptCaches (42ms)
			SetupLoadedEditorAssemblies (321ms)
				LogAssemblyErrors (0ms)
				InitializePlatformSupportModulesInManaged (6ms)
				SetLoadedEditorAssemblies (0ms)
				RefreshPlugins (1ms)
				BeforeProcessingInitializeOnLoad (90ms)
				ProcessInitializeOnLoadAttributes (190ms)
				ProcessInitializeOnLoadMethodAttributes (16ms)
				AfterProcessingInitializeOnLoad (18ms)
				EditorAssembliesLoaded (0ms)
			ExecutionOrderSort2 (0ms)
			AwakeInstancesAfterBackupRestoration (6ms)
Platform modules already initialized, skipping
========================================================================
Worker process is ready to serve import requests
Launched and connected shader compiler UnityShaderCompiler.exe after 0.04 seconds
Refreshing native plugins compatible for Editor in 0.81 ms, found 3 plugins.
Preloading 0 native plugins for Editor in 0.00 ms.
Unloading 3227 Unused Serialized files (Serialized files now loaded: 0)
Unloading 36 unused Assets / (1.3 MB). Loaded Objects now: 3695.
Memory consumption went from 211.8 MB to 210.4 MB.
Total: 3.409500 ms (FindLiveObjects: 0.263500 ms CreateObjectMapping: 0.194100 ms MarkObjects: 2.614900 ms  DeleteObjects: 0.335900 ms)

AssetImportParameters requested are different than current active one (requested -> active):
  custom:video-decoder-ogg-theora: a1e56fd34408186e4bbccfd4996cb3dc -> 
  custom:container-muxer-webm: aa71ff27fc2769a1b78a27578f13a17b -> 
  custom:container-demuxer-webm: 4f35f7cbe854078d1ac9338744f61a02 -> 
  custom:video-encoder-webm-vp8: eb34c28f22e8b96e1ab97ce403110664 -> 
  custom:audio-encoder-webm-vorbis: bf7c407c2cedff20999df2af8eb42d56 -> 
  custom:framework-win-MediaFoundation: 216162199b28c13a410421893ffa2e32 -> 
  custom:container-demuxer-ogg: 62fdf1f143b41e24485cea50d1cbac27 -> 
  custom:video-decoder-webm-vp8: 9c59270c3fd7afecdb556c50c9e8de78 -> 
  custom:audio-decoder-ogg-vorbis: bf7c407c2cedff20999df2af8eb42d56 -> 
========================================================================
Received Import Request.
  Time since last request: 505842.252097 seconds.
  path: Assets/CityVoxelPack/Assets/roads/tall/Mesh/road11.obj
  artifactKey: Guid(e9390ae0e432be447bf637e4bac268ae) Importer(815301076,1909f56bfc062723c751e8b465ee728b)
Start importing Assets/CityVoxelPack/Assets/roads/tall/Mesh/road11.obj using Guid(e9390ae0e432be447bf637e4bac268ae) Importer(815301076,1909f56bfc062723c751e8b465ee728b)  -> (artifact id: '2776c438e4bd8a00f40a93ebc14c30c1') in 0.176418 seconds 
========================================================================
Received Import Request.
  Time since last request: 0.000033 seconds.
  path: Assets/CityVoxelPack/Assets/roads/tall/Mesh/road13bis.obj
  artifactKey: Guid(d24e61983a3f9154d956e6439557d0ad) Importer(815301076,1909f56bfc062723c751e8b465ee728b)
Start importing Assets/CityVoxelPack/Assets/roads/tall/Mesh/road13bis.obj using Guid(d24e61983a3f9154d956e6439557d0ad) Importer(815301076,1909f56bfc062723c751e8b465ee728b)  -> (artifact id: 'c9a9233a2197e18383de22c8cd4acbee') in 0.035160 seconds 
========================================================================
Received Import Request.
  Time since last request: 38.233885 seconds.
  path: Assets/DigitalKonstrukt/Prototyping_Pack_Free/Resources/Meshes/Ladders/PTK_Ladder_Medium.fbx
  artifactKey: Guid(b21f7b4e34ed8d148851d291c8ed4662) Importer(815301076,1909f56bfc062723c751e8b465ee728b)
Start importing Assets/DigitalKonstrukt/Prototyping_Pack_Free/Resources/Meshes/Ladders/PTK_Ladder_Medium.fbx using Guid(b21f7b4e34ed8d148851d291c8ed4662) Importer(815301076,1909f56bfc062723c751e8b465ee728b)  -> (artifact id: 'f7e6266da92f8aa28df0ec8254d1b71b') in 0.061112 seconds 
========================================================================
Received Import Request.
  Time since last request: 2.812382 seconds.
  path: Assets/DigitalKonstrukt/Prototyping_Pack_Free/Resources/Meshes/PointsOfInterest/PTK_Exclamation.fbx
  artifactKey: Guid(410f5ba8d57703d46b29bbad24c89cd4) Importer(815301076,1909f56bfc062723c751e8b465ee728b)
Start importing Assets/DigitalKonstrukt/Prototyping_Pack_Free/Resources/Meshes/PointsOfInterest/PTK_Exclamation.fbx using Guid(410f5ba8d57703d46b29bbad24c89cd4) Importer(815301076,1909f56bfc062723c751e8b465ee728b)  -> (artifact id: '25380d5149c40e8e4eb5ce33c0b517ae') in 0.012730 seconds 
========================================================================
Received Import Request.
  Time since last request: 3.530678 seconds.
  path: Assets/DigitalKonstrukt/Prototyping_Pack_Free/Resources/Meshes/Stairs/PTK_Stairs_Medium.fbx
  artifactKey: Guid(2ebe213ac045e234092df98cf47cabf4) Importer(815301076,1909f56bfc062723c751e8b465ee728b)
Start importing Assets/DigitalKonstrukt/Prototyping_Pack_Free/Resources/Meshes/Stairs/PTK_Stairs_Medium.fbx using Guid(2ebe213ac045e234092df98cf47cabf4) Importer(815301076,1909f56bfc062723c751e8b465ee728b)  -> (artifact id: '7d8dff6548f3a75128dcc51d21870423') in 0.015224 seconds 
========================================================================
Received Import Request.
  Time since last request: 1.689056 seconds.
  path: Assets/DigitalKonstrukt/Prototyping_Pack_Free/Resources/Meshes/Walls/PTK_Wall_Large_2.fbx
  artifactKey: Guid(e48618fbdec2537478b522aba0afb4ab) Importer(815301076,1909f56bfc062723c751e8b465ee728b)
Start importing Assets/DigitalKonstrukt/Prototyping_Pack_Free/Resources/Meshes/Walls/PTK_Wall_Large_2.fbx using Guid(e48618fbdec2537478b522aba0afb4ab) Importer(815301076,1909f56bfc062723c751e8b465ee728b)  -> (artifact id: '7c64645005b353caef6b9e22765da09e') in 0.012762 seconds 
========================================================================
Received Import Request.
  Time since last request: 0.000025 seconds.
  path: Assets/DigitalKonstrukt/Prototyping_Pack_Free/Resources/Meshes/Walls/PTK_Wall_Medium_2.fbx
  artifactKey: Guid(a51f4076c3cca574fbfeec00c48d9af5) Importer(815301076,1909f56bfc062723c751e8b465ee728b)
Start importing Assets/DigitalKonstrukt/Prototyping_Pack_Free/Resources/Meshes/Walls/PTK_Wall_Medium_2.fbx using Guid(a51f4076c3cca574fbfeec00c48d9af5) Importer(815301076,1909f56bfc062723c751e8b465ee728b)  -> (artifact id: '98aabba5e0b4b33485f54e8720570fdc') in 0.022279 seconds 
========================================================================
Received Import Request.
  Time since last request: 0.000032 seconds.
  path: Assets/DigitalKonstrukt/Prototyping_Pack_Free/Resources/Meshes/Walls/PTK_Wall_Small_2.fbx
  artifactKey: Guid(c95ff4315829b614d8bc1cf3a6871650) Importer(815301076,1909f56bfc062723c751e8b465ee728b)
Start importing Assets/DigitalKonstrukt/Prototyping_Pack_Free/Resources/Meshes/Walls/PTK_Wall_Small_2.fbx using Guid(c95ff4315829b614d8bc1cf3a6871650) Importer(815301076,1909f56bfc062723c751e8b465ee728b)  -> (artifact id: '56b41163c616b7fe74fbdffe9923059b') in 0.013411 seconds 
========================================================================
Received Import Request.
  Time since last request: 0.000018 seconds.
  path: Assets/DigitalKonstrukt/Prototyping_Pack_Free/Resources/Meshes/Walls/PTK_Wall_Small_5.fbx
  artifactKey: Guid(279cf98a71223294da9439e3e7ffa353) Importer(815301076,1909f56bfc062723c751e8b465ee728b)
Start importing Assets/DigitalKonstrukt/Prototyping_Pack_Free/Resources/Meshes/Walls/PTK_Wall_Small_5.fbx using Guid(279cf98a71223294da9439e3e7ffa353) Importer(815301076,1909f56bfc062723c751e8b465ee728b)  -> (artifact id: '47fe87d328776fd342a441b1e73b9a01') in 0.023650 seconds 
========================================================================
Received Import Request.
  Time since last request: 12.020747 seconds.
  path: Assets/DigitalKonstrukt/Prototyping_Pack_Free/Resources/Meshes/Containers/PTK_Pool.fbx
  artifactKey: Guid(d7132754baf7d324581dba842f24a42d) Importer(815301076,1909f56bfc062723c751e8b465ee728b)
Start importing Assets/DigitalKonstrukt/Prototyping_Pack_Free/Resources/Meshes/Containers/PTK_Pool.fbx using Guid(d7132754baf7d324581dba842f24a42d) Importer(815301076,1909f56bfc062723c751e8b465ee728b)  -> (artifact id: '015e1f5a2ee00f79b3a7ac3d1d66519f') in 0.018877 seconds 
========================================================================
Received Import Request.
  Time since last request: 22.584471 seconds.
  path: Assets/DigitalKonstrukt/Prototyping_Pack_Free/Resources/Prefabs/Containers/PTK_Pool.prefab
  artifactKey: Guid(eb5e01ca629f1894186ffde0ed28d33d) Importer(815301076,1909f56bfc062723c751e8b465ee728b)
Start importing Assets/DigitalKonstrukt/Prototyping_Pack_Free/Resources/Prefabs/Containers/PTK_Pool.prefab using Guid(eb5e01ca629f1894186ffde0ed28d33d) Importer(815301076,1909f56bfc062723c751e8b465ee728b)  -> (artifact id: '16ecb5a0e7db03f80749863fb3eced62') in 0.016073 seconds 
========================================================================
Received Import Request.
  Time since last request: 5.736954 seconds.
  path: Assets/DigitalKonstrukt/Prototyping_Pack_Free/Resources/Prefabs/Cuboids/PTK_Cuboid_2.prefab
  artifactKey: Guid(a0a3e96c331164f47b21f0d014593538) Importer(815301076,1909f56bfc062723c751e8b465ee728b)
Start importing Assets/DigitalKonstrukt/Prototyping_Pack_Free/Resources/Prefabs/Cuboids/PTK_Cuboid_2.prefab using Guid(a0a3e96c331164f47b21f0d014593538) Importer(815301076,1909f56bfc062723c751e8b465ee728b)  -> (artifact id: 'f8255165393540bab55594a745eed033') in 0.011692 seconds 
========================================================================
Received Prepare
Registering precompiled user dll's ...
Registered in 0.011019 seconds.
Begin MonoManager ReloadAssembly
Symbol file LoadedFromMemory doesn't match image C:\Users\user\Desktop\GRA_fps_project\FPS_Project\FPS_project\My project\Library\PackageCache\com.unity.visualscripting@1.8.0\Editor\VisualScripting.Core\Dependencies\YamlDotNet\Unity.VisualScripting.YamlDotNet.dll
Symbol file LoadedFromMemory doesn't match image C:\Users\user\Desktop\GRA_fps_project\FPS_Project\FPS_project\My project\Library\PackageCache\com.unity.visualscripting@1.8.0\Editor\VisualScripting.Core\Dependencies\DotNetZip\Unity.VisualScripting.IonicZip.dll
Native extension for WindowsStandalone target not found
Refreshing native plugins compatible for Editor in 0.83 ms, found 3 plugins.
Preloading 0 native plugins for Editor in 0.00 ms.
Mono: successfully reloaded assembly
- Completed reload, in  1.340 seconds
Domain Reload Profiling:
	ReloadAssembly (1341ms)
		BeginReloadAssembly (276ms)
			ExecutionOrderSort (0ms)
			DisableScriptedObjects (4ms)
			BackupInstance (0ms)
			ReleaseScriptingObjects (0ms)
			CreateAndSetChildDomain (37ms)
		EndReloadAssembly (914ms)
			LoadAssemblies (227ms)
			RebuildTransferFunctionScriptingTraits (0ms)
			SetupTypeCache (363ms)
			ReleaseScriptCaches (2ms)
			RebuildScriptCaches (50ms)
			SetupLoadedEditorAssemblies (339ms)
				LogAssemblyErrors (0ms)
				InitializePlatformSupportModulesInManaged (8ms)
				SetLoadedEditorAssemblies (1ms)
				RefreshPlugins (1ms)
				BeforeProcessingInitializeOnLoad (88ms)
				ProcessInitializeOnLoadAttributes (202ms)
				ProcessInitializeOnLoadMethodAttributes (21ms)
				AfterProcessingInitializeOnLoad (18ms)
				EditorAssembliesLoaded (0ms)
			ExecutionOrderSort2 (0ms)
			AwakeInstancesAfterBackupRestoration (7ms)
Platform modules already initialized, skipping
Refreshing native plugins compatible for Editor in 3.14 ms, found 3 plugins.
Preloading 0 native plugins for Editor in 0.00 ms.
Unloading 3178 Unused Serialized files (Serialized files now loaded: 0)
Unloading 29 unused Assets / (1.3 MB). Loaded Objects now: 3743.
Memory consumption went from 211.5 MB to 210.2 MB.
Total: 4.659200 ms (FindLiveObjects: 0.572100 ms CreateObjectMapping: 0.208900 ms MarkObjects: 3.332700 ms  DeleteObjects: 0.544500 ms)

AssetImportParameters requested are different than current active one (requested -> active):
  custom:video-decoder-ogg-theora: a1e56fd34408186e4bbccfd4996cb3dc -> 
  custom:container-muxer-webm: aa71ff27fc2769a1b78a27578f13a17b -> 
  custom:container-demuxer-webm: 4f35f7cbe854078d1ac9338744f61a02 -> 
  custom:video-encoder-webm-vp8: eb34c28f22e8b96e1ab97ce403110664 -> 
  custom:audio-encoder-webm-vorbis: bf7c407c2cedff20999df2af8eb42d56 -> 
  custom:framework-win-MediaFoundation: 216162199b28c13a410421893ffa2e32 -> 
  custom:container-demuxer-ogg: 62fdf1f143b41e24485cea50d1cbac27 -> 
  custom:video-decoder-webm-vp8: 9c59270c3fd7afecdb556c50c9e8de78 -> 
  custom:audio-decoder-ogg-vorbis: bf7c407c2cedff20999df2af8eb42d56 -> 
Editor requested this worker to shutdown with reason: Scaling down because of idle timeout
AssetImportWorker is now disconnected from the server
Process exiting
Exiting without the bug reporter. Application will terminate with return code 0