Using pre-set license
Built from '2021.3/staging' branch; Version is '2021.3.20f1 (577897200b8b) revision 5732503'; Using compiler version '192829333'; Build Type 'Release'
OS: 'Windows 11  (10.0.22621) 64bit Professional' Language: 'ko' Physical Memory: 15628 MB
BatchMode: 1, IsHumanControllingUs: 0, StartBugReporterOnCrash: 0, Is64bit: 1, IsPro: 1

COMMAND LINE ARGUMENTS:
C:\Program Files\Unity 2021.3.20f1\Editor\Unity.exe
-adb2
-batchMode
-noUpm
-name
AssetImportWorker2
-projectPath
C:/Users/user/Desktop/GRA_fps_project/FPS_Project/FPS_project/My project
-logFile
Logs/AssetImportWorker2.log
-srvPort
63991
Successfully changed project path to: C:/Users/user/Desktop/GRA_fps_project/FPS_Project/FPS_project/My project
C:/Users/user/Desktop/GRA_fps_project/FPS_Project/FPS_project/My project
[UnityMemory] Configuration Parameters - Can be set up in boot.config
    "memorysetup-bucket-allocator-granularity=16"
    "memorysetup-bucket-allocator-bucket-count=8"
    "memorysetup-bucket-allocator-block-size=33554432"
    "memorysetup-bucket-allocator-block-count=8"
    "memorysetup-main-allocator-block-size=16777216"
    "memorysetup-thread-allocator-block-size=16777216"
    "memorysetup-gfx-main-allocator-block-size=16777216"
    "memorysetup-gfx-thread-allocator-block-size=16777216"
    "memorysetup-cache-allocator-block-size=4194304"
    "memorysetup-typetree-allocator-block-size=2097152"
    "memorysetup-profiler-bucket-allocator-granularity=16"
    "memorysetup-profiler-bucket-allocator-bucket-count=8"
    "memorysetup-profiler-bucket-allocator-block-size=33554432"
    "memorysetup-profiler-bucket-allocator-block-count=8"
    "memorysetup-profiler-allocator-block-size=16777216"
    "memorysetup-profiler-editor-allocator-block-size=1048576"
    "memorysetup-temp-allocator-size-main=16777216"
    "memorysetup-job-temp-allocator-block-size=2097152"
    "memorysetup-job-temp-allocator-block-size-background=1048576"
    "memorysetup-job-temp-allocator-reduction-small-platforms=262144"
    "memorysetup-temp-allocator-size-background-worker=32768"
    "memorysetup-temp-allocator-size-job-worker=262144"
    "memorysetup-temp-allocator-size-preload-manager=33554432"
    "memorysetup-temp-allocator-size-nav-mesh-worker=65536"
    "memorysetup-temp-allocator-size-audio-worker=65536"
    "memorysetup-temp-allocator-size-cloud-worker=32768"
    "memorysetup-temp-allocator-size-gi-baking-worker=262144"
    "memorysetup-temp-allocator-size-gfx=262144"
Player connection [15096] Host "[IP] 192.168.219.105 [Port] 0 [Flags] 2 [Guid] 1968309525 [EditorId] 1968309525 [Version] 1048832 [Id] WindowsEditor(7,DESKTOP-DRRKA46) [Debug] 1 [PackageName] WindowsEditor [ProjectName] Editor" joined multi-casting on [225.0.0.222:54997]...

Player connection [15096] Host "[IP] 192.168.219.105 [Port] 0 [Flags] 2 [Guid] 1968309525 [EditorId] 1968309525 [Version] 1048832 [Id] WindowsEditor(7,DESKTOP-DRRKA46) [Debug] 1 [PackageName] WindowsEditor [ProjectName] Editor" joined alternative multi-casting on [225.0.0.222:34997]...

Refreshing native plugins compatible for Editor in 74.09 ms, found 3 plugins.
Preloading 0 native plugins for Editor in 0.00 ms.
Initialize engine version: 2021.3.20f1 (577897200b8b)
[Subsystems] Discovering subsystems at path C:/Program Files/Unity 2021.3.20f1/Editor/Data/Resources/UnitySubsystems
[Subsystems] Discovering subsystems at path C:/Users/user/Desktop/GRA_fps_project/FPS_Project/FPS_project/My project/Assets
GfxDevice: creating device client; threaded=0; jobified=0
Direct3D:
    Version:  Direct3D 11.0 [level 11.1]
    Renderer: NVIDIA GeForce RTX 3060 Laptop GPU (ID=0x2520)
    Vendor:   NVIDIA
    VRAM:     6023 MB
    Driver:   31.0.15.1640
Initialize mono
Mono path[0] = 'C:/Program Files/Unity 2021.3.20f1/Editor/Data/Managed'
Mono path[1] = 'C:/Program Files/Unity 2021.3.20f1/Editor/Data/MonoBleedingEdge/lib/mono/unityjit-win32'
Mono config path = 'C:/Program Files/Unity 2021.3.20f1/Editor/Data/MonoBleedingEdge/etc'
Using monoOptions --debugger-agent=transport=dt_socket,embedding=1,server=y,suspend=n,address=127.0.0.1:56956
Begin MonoManager ReloadAssembly
Registering precompiled unity dll's ...
Register platform support module: C:/Program Files/Unity 2021.3.20f1/Editor/Data/PlaybackEngines/WindowsStandaloneSupport/UnityEditor.WindowsStandalone.Extensions.dll
Registered in 0.011669 seconds.
Native extension for WindowsStandalone target not found
Refreshing native plugins compatible for Editor in 71.59 ms, found 3 plugins.
Preloading 0 native plugins for Editor in 0.00 ms.
Mono: successfully reloaded assembly
- Completed reload, in  0.600 seconds
Domain Reload Profiling:
	ReloadAssembly (601ms)
		BeginReloadAssembly (113ms)
			ExecutionOrderSort (0ms)
			DisableScriptedObjects (0ms)
			BackupInstance (0ms)
			ReleaseScriptingObjects (0ms)
			CreateAndSetChildDomain (1ms)
		EndReloadAssembly (380ms)
			LoadAssemblies (106ms)
			RebuildTransferFunctionScriptingTraits (0ms)
			SetupTypeCache (83ms)
			ReleaseScriptCaches (0ms)
			RebuildScriptCaches (22ms)
			SetupLoadedEditorAssemblies (223ms)
				LogAssemblyErrors (0ms)
				InitializePlatformSupportModulesInManaged (8ms)
				SetLoadedEditorAssemblies (0ms)
				RefreshPlugins (72ms)
				BeforeProcessingInitializeOnLoad (1ms)
				ProcessInitializeOnLoadAttributes (103ms)
				ProcessInitializeOnLoadMethodAttributes (39ms)
				AfterProcessingInitializeOnLoad (0ms)
				EditorAssembliesLoaded (0ms)
			ExecutionOrderSort2 (0ms)
			AwakeInstancesAfterBackupRestoration (0ms)
Platform modules already initialized, skipping
Registering precompiled user dll's ...
Registered in 0.009208 seconds.
Begin MonoManager ReloadAssembly
Symbol file LoadedFromMemory doesn't match image C:\Users\user\Desktop\GRA_fps_project\FPS_Project\FPS_project\My project\Library\PackageCache\com.unity.visualscripting@1.8.0\Editor\VisualScripting.Core\Dependencies\YamlDotNet\Unity.VisualScripting.YamlDotNet.dll
Symbol file LoadedFromMemory doesn't match image C:\Users\user\Desktop\GRA_fps_project\FPS_Project\FPS_project\My project\Library\PackageCache\com.unity.visualscripting@1.8.0\Editor\VisualScripting.Core\Dependencies\DotNetZip\Unity.VisualScripting.IonicZip.dll
Native extension for WindowsStandalone target not found
Refreshing native plugins compatible for Editor in 0.60 ms, found 3 plugins.
Preloading 0 native plugins for Editor in 0.00 ms.
Mono: successfully reloaded assembly
- Completed reload, in  0.936 seconds
Domain Reload Profiling:
	ReloadAssembly (937ms)
		BeginReloadAssembly (140ms)
			ExecutionOrderSort (0ms)
			DisableScriptedObjects (5ms)
			BackupInstance (0ms)
			ReleaseScriptingObjects (0ms)
			CreateAndSetChildDomain (18ms)
		EndReloadAssembly (688ms)
			LoadAssemblies (121ms)
			RebuildTransferFunctionScriptingTraits (0ms)
			SetupTypeCache (205ms)
			ReleaseScriptCaches (0ms)
			RebuildScriptCaches (39ms)
			SetupLoadedEditorAssemblies (320ms)
				LogAssemblyErrors (0ms)
				InitializePlatformSupportModulesInManaged (6ms)
				SetLoadedEditorAssemblies (1ms)
				RefreshPlugins (1ms)
				BeforeProcessingInitializeOnLoad (91ms)
				ProcessInitializeOnLoadAttributes (185ms)
				ProcessInitializeOnLoadMethodAttributes (16ms)
				AfterProcessingInitializeOnLoad (20ms)
				EditorAssembliesLoaded (0ms)
			ExecutionOrderSort2 (0ms)
			AwakeInstancesAfterBackupRestoration (7ms)
Platform modules already initialized, skipping
========================================================================
Worker process is ready to serve import requests
Launched and connected shader compiler UnityShaderCompiler.exe after 0.05 seconds
Refreshing native plugins compatible for Editor in 0.74 ms, found 3 plugins.
Preloading 0 native plugins for Editor in 0.00 ms.
Unloading 3227 Unused Serialized files (Serialized files now loaded: 0)
Unloading 36 unused Assets / (1.3 MB). Loaded Objects now: 3695.
Memory consumption went from 211.8 MB to 210.4 MB.
Total: 3.109400 ms (FindLiveObjects: 0.251500 ms CreateObjectMapping: 0.112500 ms MarkObjects: 2.435200 ms  DeleteObjects: 0.308600 ms)

AssetImportParameters requested are different than current active one (requested -> active):
  custom:video-decoder-ogg-theora: a1e56fd34408186e4bbccfd4996cb3dc -> 
  custom:container-muxer-webm: aa71ff27fc2769a1b78a27578f13a17b -> 
  custom:container-demuxer-webm: 4f35f7cbe854078d1ac9338744f61a02 -> 
  custom:video-encoder-webm-vp8: eb34c28f22e8b96e1ab97ce403110664 -> 
  custom:audio-encoder-webm-vorbis: bf7c407c2cedff20999df2af8eb42d56 -> 
  custom:framework-win-MediaFoundation: 216162199b28c13a410421893ffa2e32 -> 
  custom:container-demuxer-ogg: 62fdf1f143b41e24485cea50d1cbac27 -> 
  custom:video-decoder-webm-vp8: 9c59270c3fd7afecdb556c50c9e8de78 -> 
  custom:audio-decoder-ogg-vorbis: bf7c407c2cedff20999df2af8eb42d56 -> 
========================================================================
Received Import Request.
  Time since last request: 504936.613575 seconds.
  path: Assets/DigitalKonstrukt/Prototyping_Pack_Free/Resources/Prefabs
  artifactKey: Guid(2db27146764ff844aa1e335ac9a938ff) Importer(815301076,1909f56bfc062723c751e8b465ee728b)
Start importing Assets/DigitalKonstrukt/Prototyping_Pack_Free/Resources/Prefabs using Guid(2db27146764ff844aa1e335ac9a938ff) Importer(815301076,1909f56bfc062723c751e8b465ee728b)  -> (artifact id: 'fd6647df3b8192e59417b022887691cf') in 0.010191 seconds 
========================================================================
Received Import Request.
  Time since last request: 0.026155 seconds.
  path: Assets/DigitalKonstrukt/Prototyping_Pack_Free/Resources/Prefabs/PTK_Tunnel.prefab
  artifactKey: Guid(fec82ffc1d9b9a54b9d7815dc89c9b67) Importer(815301076,1909f56bfc062723c751e8b465ee728b)
Start importing Assets/DigitalKonstrukt/Prototyping_Pack_Free/Resources/Prefabs/PTK_Tunnel.prefab using Guid(fec82ffc1d9b9a54b9d7815dc89c9b67) Importer(815301076,1909f56bfc062723c751e8b465ee728b)  -> (artifact id: '6d2e53d09c3e48ab218cbde1ca462b5f') in 0.046143 seconds 
========================================================================
Received Import Request.
  Time since last request: 2.433630 seconds.
  path: Assets/DigitalKonstrukt/Prototyping_Pack_Free/Resources/Prefabs/Walls
  artifactKey: Guid(5dd1fa30c3793c4489c4cae55255db8e) Importer(815301076,1909f56bfc062723c751e8b465ee728b)
Start importing Assets/DigitalKonstrukt/Prototyping_Pack_Free/Resources/Prefabs/Walls using Guid(5dd1fa30c3793c4489c4cae55255db8e) Importer(815301076,1909f56bfc062723c751e8b465ee728b)  -> (artifact id: '089cebd7d5f9b5f93a31e1beb709c84b') in 0.002494 seconds 
========================================================================
Received Import Request.
  Time since last request: 0.091005 seconds.
  path: Assets/DigitalKonstrukt/Prototyping_Pack_Free/Resources/Prefabs/Walls/PTK_Wall_Large_1.prefab
  artifactKey: Guid(e60b9bdfa5d189e44b91680db5645e86) Importer(815301076,1909f56bfc062723c751e8b465ee728b)
Start importing Assets/DigitalKonstrukt/Prototyping_Pack_Free/Resources/Prefabs/Walls/PTK_Wall_Large_1.prefab using Guid(e60b9bdfa5d189e44b91680db5645e86) Importer(815301076,1909f56bfc062723c751e8b465ee728b)  -> (artifact id: 'ebde4539e6be5a8c6b73f445d838303f') in 0.066821 seconds 
========================================================================
Received Import Request.
  Time since last request: 0.000021 seconds.
  path: Assets/DigitalKonstrukt/Prototyping_Pack_Free/Resources/Prefabs/Walls/PTK_Wall_Large_4.prefab
  artifactKey: Guid(209728b25a1dee7498573de68103a125) Importer(815301076,1909f56bfc062723c751e8b465ee728b)
Start importing Assets/DigitalKonstrukt/Prototyping_Pack_Free/Resources/Prefabs/Walls/PTK_Wall_Large_4.prefab using Guid(209728b25a1dee7498573de68103a125) Importer(815301076,1909f56bfc062723c751e8b465ee728b)  -> (artifact id: 'cd0b5a79654330a1a4167f28b7998ae6') in 0.011788 seconds 
========================================================================
Received Import Request.
  Time since last request: 0.000022 seconds.
  path: Assets/DigitalKonstrukt/Prototyping_Pack_Free/Resources/Prefabs/Walls/PTK_Wall_Medium_2.prefab
  artifactKey: Guid(1123dde5e341fcd4b8c6e5c6cdd68e21) Importer(815301076,1909f56bfc062723c751e8b465ee728b)
Start importing Assets/DigitalKonstrukt/Prototyping_Pack_Free/Resources/Prefabs/Walls/PTK_Wall_Medium_2.prefab using Guid(1123dde5e341fcd4b8c6e5c6cdd68e21) Importer(815301076,1909f56bfc062723c751e8b465ee728b)  -> (artifact id: 'e12c5c5e18252190544559820931f897') in 0.012211 seconds 
========================================================================
Received Import Request.
  Time since last request: 0.000022 seconds.
  path: Assets/DigitalKonstrukt/Prototyping_Pack_Free/Resources/Prefabs/Walls/PTK_Wall_Medium_1.prefab
  artifactKey: Guid(f22c6b28664f53d45a7182c78eb84eba) Importer(815301076,1909f56bfc062723c751e8b465ee728b)
Start importing Assets/DigitalKonstrukt/Prototyping_Pack_Free/Resources/Prefabs/Walls/PTK_Wall_Medium_1.prefab using Guid(f22c6b28664f53d45a7182c78eb84eba) Importer(815301076,1909f56bfc062723c751e8b465ee728b)  -> (artifact id: '1457885a02be1e3d853e3d3fad62101f') in 0.012114 seconds 
========================================================================
Received Import Request.
  Time since last request: 0.000030 seconds.
  path: Assets/DigitalKonstrukt/Prototyping_Pack_Free/Resources/Prefabs/Walls/PTK_Wall_Medium_3.prefab
  artifactKey: Guid(1aa78b0c78b0a3f4a9fb02a89d9befd3) Importer(815301076,1909f56bfc062723c751e8b465ee728b)
Start importing Assets/DigitalKonstrukt/Prototyping_Pack_Free/Resources/Prefabs/Walls/PTK_Wall_Medium_3.prefab using Guid(1aa78b0c78b0a3f4a9fb02a89d9befd3) Importer(815301076,1909f56bfc062723c751e8b465ee728b)  -> (artifact id: '0aa83160562a93f569e5ca469da95a7a') in 0.010754 seconds 
========================================================================
Received Import Request.
  Time since last request: 0.000029 seconds.
  path: Assets/DigitalKonstrukt/Prototyping_Pack_Free/Resources/Prefabs/Walls/PTK_Wall_Medium_4.prefab
  artifactKey: Guid(9ecc29ec91676814b98ef7d1fb13b44b) Importer(815301076,1909f56bfc062723c751e8b465ee728b)
Start importing Assets/DigitalKonstrukt/Prototyping_Pack_Free/Resources/Prefabs/Walls/PTK_Wall_Medium_4.prefab using Guid(9ecc29ec91676814b98ef7d1fb13b44b) Importer(815301076,1909f56bfc062723c751e8b465ee728b)  -> (artifact id: '9295a244d571d4bd735ff63453833171') in 0.012534 seconds 
========================================================================
Received Import Request.
  Time since last request: 0.000018 seconds.
  path: Assets/DigitalKonstrukt/Prototyping_Pack_Free/Resources/Prefabs/Walls/PTK_Wall_Small_4.prefab
  artifactKey: Guid(abe2c6883aa145b44850395bcfd2e9af) Importer(815301076,1909f56bfc062723c751e8b465ee728b)
Start importing Assets/DigitalKonstrukt/Prototyping_Pack_Free/Resources/Prefabs/Walls/PTK_Wall_Small_4.prefab using Guid(abe2c6883aa145b44850395bcfd2e9af) Importer(815301076,1909f56bfc062723c751e8b465ee728b)  -> (artifact id: 'd8e5e948facde634fcd267e8cca0be4e') in 0.012525 seconds 
========================================================================
Received Import Request.
  Time since last request: 0.000026 seconds.
  path: Assets/DigitalKonstrukt/Prototyping_Pack_Free/Resources/Prefabs/Walls/PTK_Wall_Large_3.prefab
  artifactKey: Guid(a1cac729332a2ab4da9eddbafe267558) Importer(815301076,1909f56bfc062723c751e8b465ee728b)
Start importing Assets/DigitalKonstrukt/Prototyping_Pack_Free/Resources/Prefabs/Walls/PTK_Wall_Large_3.prefab using Guid(a1cac729332a2ab4da9eddbafe267558) Importer(815301076,1909f56bfc062723c751e8b465ee728b)  -> (artifact id: '312dd0cc493d7726728f1007e2b65ca6') in 0.014728 seconds 
========================================================================
Received Import Request.
  Time since last request: 0.000020 seconds.
  path: Assets/DigitalKonstrukt/Prototyping_Pack_Free/Resources/Prefabs/Walls/PTK_Wall_Large_5.prefab
  artifactKey: Guid(c21252cbe01eccd4a967b728d0b09f5a) Importer(815301076,1909f56bfc062723c751e8b465ee728b)
Start importing Assets/DigitalKonstrukt/Prototyping_Pack_Free/Resources/Prefabs/Walls/PTK_Wall_Large_5.prefab using Guid(c21252cbe01eccd4a967b728d0b09f5a) Importer(815301076,1909f56bfc062723c751e8b465ee728b)  -> (artifact id: '044cf4c3e7f23bbc55313513601945fd') in 0.014283 seconds 
========================================================================
Received Import Request.
  Time since last request: 2.219409 seconds.
  path: Assets/DigitalKonstrukt/Prototyping_Pack_Free/Resources/Prefabs/PointsOfInterest
  artifactKey: Guid(12e4357030fa28c4b8c345777f5437e2) Importer(815301076,1909f56bfc062723c751e8b465ee728b)
Start importing Assets/DigitalKonstrukt/Prototyping_Pack_Free/Resources/Prefabs/PointsOfInterest using Guid(12e4357030fa28c4b8c345777f5437e2) Importer(815301076,1909f56bfc062723c751e8b465ee728b)  -> (artifact id: 'cd0a076fda835ff776ac10b20b50c412') in 0.001987 seconds 
========================================================================
Received Import Request.
  Time since last request: 0.088812 seconds.
  path: Assets/DigitalKonstrukt/Prototyping_Pack_Free/Resources/Prefabs/PointsOfInterest/PTK_ActionField_1.prefab
  artifactKey: Guid(0d9cb6e596c5f75449e5bab7d8e35868) Importer(815301076,1909f56bfc062723c751e8b465ee728b)
Start importing Assets/DigitalKonstrukt/Prototyping_Pack_Free/Resources/Prefabs/PointsOfInterest/PTK_ActionField_1.prefab using Guid(0d9cb6e596c5f75449e5bab7d8e35868) Importer(815301076,1909f56bfc062723c751e8b465ee728b)  -> (artifact id: '988d6a6cdfe743938a3db54fc1fe4bca') in 0.010348 seconds 
========================================================================
Received Import Request.
  Time since last request: 0.000018 seconds.
  path: Assets/DigitalKonstrukt/Prototyping_Pack_Free/Resources/Prefabs/PointsOfInterest/PTK_Exclamation_green.prefab
  artifactKey: Guid(eb07530ab699e054891205537c84145f) Importer(815301076,1909f56bfc062723c751e8b465ee728b)
Start importing Assets/DigitalKonstrukt/Prototyping_Pack_Free/Resources/Prefabs/PointsOfInterest/PTK_Exclamation_green.prefab using Guid(eb07530ab699e054891205537c84145f) Importer(815301076,1909f56bfc062723c751e8b465ee728b)  -> (artifact id: '352277749872019dc4e3fb76c851e5b1') in 0.009728 seconds 
========================================================================
Received Import Request.
  Time since last request: 0.000021 seconds.
  path: Assets/DigitalKonstrukt/Prototyping_Pack_Free/Resources/Prefabs/PointsOfInterest/PTK_ActionField_4.prefab
  artifactKey: Guid(572f193c86d3dae41aa849afe3046580) Importer(815301076,1909f56bfc062723c751e8b465ee728b)
Start importing Assets/DigitalKonstrukt/Prototyping_Pack_Free/Resources/Prefabs/PointsOfInterest/PTK_ActionField_4.prefab using Guid(572f193c86d3dae41aa849afe3046580) Importer(815301076,1909f56bfc062723c751e8b465ee728b)  -> (artifact id: 'aef8738c5b168700351dd057de8a120e') in 0.010443 seconds 
========================================================================
Received Import Request.
  Time since last request: 0.000022 seconds.
  path: Assets/DigitalKonstrukt/Prototyping_Pack_Free/Resources/Prefabs/PointsOfInterest/PTK_Exclamation_blue.prefab
  artifactKey: Guid(4666a34094e0cbd4fbbc4422752b4ae7) Importer(815301076,1909f56bfc062723c751e8b465ee728b)
Start importing Assets/DigitalKonstrukt/Prototyping_Pack_Free/Resources/Prefabs/PointsOfInterest/PTK_Exclamation_blue.prefab using Guid(4666a34094e0cbd4fbbc4422752b4ae7) Importer(815301076,1909f56bfc062723c751e8b465ee728b)  -> (artifact id: '5716080c5984e616287fbe424fd8b7c6') in 0.009077 seconds 
========================================================================
Received Import Request.
  Time since last request: 5.566762 seconds.
  path: Assets/DigitalKonstrukt/Prototyping_Pack_Free/Resources/Prefabs/Bridges/PTK_Bridge_Medium.prefab
  artifactKey: Guid(00f60f742cf562d458751248bfefdcd7) Importer(815301076,1909f56bfc062723c751e8b465ee728b)
Start importing Assets/DigitalKonstrukt/Prototyping_Pack_Free/Resources/Prefabs/Bridges/PTK_Bridge_Medium.prefab using Guid(00f60f742cf562d458751248bfefdcd7) Importer(815301076,1909f56bfc062723c751e8b465ee728b)  -> (artifact id: 'bfc61de1d0d7cd8094a592d204178045') in 0.010810 seconds 
========================================================================
Received Import Request.
  Time since last request: 6.876958 seconds.
  path: Assets/DigitalKonstrukt/Prototyping_Pack_Free/Resources/Prefabs/Collectables/PTK_Collectable_1_green.prefab
  artifactKey: Guid(17d2571d67fb94a47a33e65ff8c88d3c) Importer(815301076,1909f56bfc062723c751e8b465ee728b)
Start importing Assets/DigitalKonstrukt/Prototyping_Pack_Free/Resources/Prefabs/Collectables/PTK_Collectable_1_green.prefab using Guid(17d2571d67fb94a47a33e65ff8c88d3c) Importer(815301076,1909f56bfc062723c751e8b465ee728b)  -> (artifact id: '4a518570ebde19a5730b53a276eb44c6') in 0.012370 seconds 
========================================================================
Received Import Request.
  Time since last request: 0.000018 seconds.
  path: Assets/DigitalKonstrukt/Prototyping_Pack_Free/Resources/Prefabs/Collectables/PTK_Collectable_2_green.prefab
  artifactKey: Guid(33512a55346f56e4090c2acdc8fe4d78) Importer(815301076,1909f56bfc062723c751e8b465ee728b)
Start importing Assets/DigitalKonstrukt/Prototyping_Pack_Free/Resources/Prefabs/Collectables/PTK_Collectable_2_green.prefab using Guid(33512a55346f56e4090c2acdc8fe4d78) Importer(815301076,1909f56bfc062723c751e8b465ee728b)  -> (artifact id: '1e351e9a60f310d308b7dbf4aa663b56') in 0.010347 seconds 
========================================================================
Received Import Request.
  Time since last request: 2.122767 seconds.
  path: Assets/DigitalKonstrukt/Prototyping_Pack_Free/Resources/Prefabs/Columns/PTK_Column_Edge_Medium.prefab
  artifactKey: Guid(6f54d38fec5e41e4989c1967e0752c1c) Importer(815301076,1909f56bfc062723c751e8b465ee728b)
Start importing Assets/DigitalKonstrukt/Prototyping_Pack_Free/Resources/Prefabs/Columns/PTK_Column_Edge_Medium.prefab using Guid(6f54d38fec5e41e4989c1967e0752c1c) Importer(815301076,1909f56bfc062723c751e8b465ee728b)  -> (artifact id: '4346bcdfdc38488ab4c65147f2423854') in 0.012905 seconds 
========================================================================
Received Import Request.
  Time since last request: 0.000018 seconds.
  path: Assets/DigitalKonstrukt/Prototyping_Pack_Free/Resources/Prefabs/Columns/PTK_Column_Medium.prefab
  artifactKey: Guid(fef78b03d45010a47bf4d11bd5dd5dea) Importer(815301076,1909f56bfc062723c751e8b465ee728b)
Start importing Assets/DigitalKonstrukt/Prototyping_Pack_Free/Resources/Prefabs/Columns/PTK_Column_Medium.prefab using Guid(fef78b03d45010a47bf4d11bd5dd5dea) Importer(815301076,1909f56bfc062723c751e8b465ee728b)  -> (artifact id: '3ac33444f40ca8e6a05aa5dd6385a399') in 0.013373 seconds 
========================================================================
Received Import Request.
  Time since last request: 5.563557 seconds.
  path: Assets/DigitalKonstrukt/Prototyping_Pack_Free/Resources/Prefabs/Cubes/PTK_Cube_2.prefab
  artifactKey: Guid(886758c00f5412747bef0c21f6f30418) Importer(815301076,1909f56bfc062723c751e8b465ee728b)
Start importing Assets/DigitalKonstrukt/Prototyping_Pack_Free/Resources/Prefabs/Cubes/PTK_Cube_2.prefab using Guid(886758c00f5412747bef0c21f6f30418) Importer(815301076,1909f56bfc062723c751e8b465ee728b)  -> (artifact id: 'bd893ab815ab331c6cea97c96c6ba59d') in 0.009064 seconds 
========================================================================
Received Import Request.
  Time since last request: 3.039005 seconds.
  path: Assets/DigitalKonstrukt/Prototyping_Pack_Free/Resources/Prefabs/Doors/PTK_Door_Medium_2.prefab
  artifactKey: Guid(a5050ce036dee2d4d9287249a1e60440) Importer(815301076,1909f56bfc062723c751e8b465ee728b)
Start importing Assets/DigitalKonstrukt/Prototyping_Pack_Free/Resources/Prefabs/Doors/PTK_Door_Medium_2.prefab using Guid(a5050ce036dee2d4d9287249a1e60440) Importer(815301076,1909f56bfc062723c751e8b465ee728b)  -> (artifact id: '7d80de5c2bb2e2ea8f9e6dfdc5c25d0f') in 0.020422 seconds 
========================================================================
Received Import Request.
  Time since last request: 0.000018 seconds.
  path: Assets/DigitalKonstrukt/Prototyping_Pack_Free/Resources/Prefabs/Doors/PTK_Tunnel_Large.prefab
  artifactKey: Guid(c398cfc035f69bc4a8ab3319e4447312) Importer(815301076,1909f56bfc062723c751e8b465ee728b)
Start importing Assets/DigitalKonstrukt/Prototyping_Pack_Free/Resources/Prefabs/Doors/PTK_Tunnel_Large.prefab using Guid(c398cfc035f69bc4a8ab3319e4447312) Importer(815301076,1909f56bfc062723c751e8b465ee728b)  -> (artifact id: '91587c98b60eddc39e87e455bff95ed4') in 0.025303 seconds 
Editor requested this worker to shutdown with reason: Scaling down because of idle timeout
AssetImportWorker is now disconnected from the server
Process exiting
Exiting without the bug reporter. Application will terminate with return code 0